This file contains any messages produced by compilers while
running configure, to aid debugging if configure makes a mistake.

It was created by libpca configure 1.3.3, which was
generated by GNU Autoconf 2.69.  Invocation command line was

  $ ./configure 

## --------- ##
## Platform. ##
## --------- ##

hostname = wn14gfe21-lvm
uname -m = x86_64
uname -r = 3.16.0-30-generic
uname -s = Linux
uname -v = #40~14.04.1-Ubuntu SMP Thu Jan 15 17:43:14 UTC 2015

/usr/bin/uname -p = unknown
/bin/uname -X     = unknown

/bin/arch              = unknown
/usr/bin/arch -k       = unknown
/usr/convex/getsysinfo = unknown
/usr/bin/hostinfo      = unknown
/bin/machine           = unknown
/usr/bin/oslevel       = unknown
/bin/universe          = unknown

PATH: /usr/local/sbin
PATH: /usr/local/bin
PATH: /usr/sbin
PATH: /usr/bin
PATH: /sbin
PATH: /bin
PATH: /usr/games
PATH: /usr/local/games


## ----------- ##
## Core tests. ##
## ----------- ##

configure:2504: checking for a BSD-compatible install
configure:2572: result: /usr/bin/install -c
configure:2583: checking whether build environment is sane
configure:2638: result: yes
configure:2789: checking for a thread-safe mkdir -p
configure:2828: result: /bin/mkdir -p
configure:2835: checking for gawk
configure:2865: result: no
configure:2835: checking for mawk
configure:2851: found /usr/bin/mawk
configure:2862: result: mawk
configure:2873: checking whether make sets $(MAKE)
configure:2895: result: yes
configure:2924: checking whether make supports nested variables
configure:2941: result: yes
configure:3095: checking build system type
configure:3109: result: x86_64-unknown-linux-gnu
configure:3129: checking host system type
configure:3142: result: x86_64-unknown-linux-gnu
configure:3183: checking how to print strings
configure:3210: result: printf
configure:3243: checking for style of include used by make
configure:3271: result: GNU
configure:3342: checking for gcc
configure:3358: found /usr/bin/gcc
configure:3369: result: gcc
configure:3598: checking for C compiler version
configure:3607: gcc --version >&5
gcc (Ubuntu 4.8.4-2ubuntu1~14.04) 4.8.4
Copyright (C) 2013 Free Software Foundation, Inc.
This is free software; see the source for copying conditions.  There is NO
warranty; not even for MERCHANTABILITY or FITNESS FOR A PARTICULAR PURPOSE.

configure:3618: $? = 0
configure:3607: gcc -v >&5
Using built-in specs.
COLLECT_GCC=gcc
COLLECT_LTO_WRAPPER=/usr/lib/gcc/x86_64-linux-gnu/4.8/lto-wrapper
Target: x86_64-linux-gnu
Configured with: ../src/configure -v --with-pkgversion='Ubuntu 4.8.4-2ubuntu1~14.04' --with-bugurl=file:///usr/share/doc/gcc-4.8/README.Bugs --enable-languages=c,c++,java,go,d,fortran,objc,obj-c++ --prefix=/usr --program-suffix=-4.8 --enable-shared --enable-linker-build-id --libexecdir=/usr/lib --without-included-gettext --enable-threads=posix --with-gxx-include-dir=/usr/include/c++/4.8 --libdir=/usr/lib --enable-nls --with-sysroot=/ --enable-clocale=gnu --enable-libstdcxx-debug --enable-libstdcxx-time=yes --enable-gnu-unique-object --disable-libmudflap --enable-plugin --with-system-zlib --disable-browser-plugin --enable-java-awt=gtk --enable-gtk-cairo --with-java-home=/usr/lib/jvm/java-1.5.0-gcj-4.8-amd64/jre --enable-java-home --with-jvm-root-dir=/usr/lib/jvm/java-1.5.0-gcj-4.8-amd64 --with-jvm-jar-dir=/usr/lib/jvm-exports/java-1.5.0-gcj-4.8-amd64 --with-arch-directory=amd64 --with-ecj-jar=/usr/share/java/eclipse-ecj.jar --enable-objc-gc --enable-multiarch --disable-werror --with-arch-32=i686 --with-abi=m64 --with-multilib-list=m32,m64,mx32 --with-tune=generic --enable-checking=release --build=x86_64-linux-gnu --host=x86_64-linux-gnu --target=x86_64-linux-gnu
Thread model: posix
gcc version 4.8.4 (Ubuntu 4.8.4-2ubuntu1~14.04) 
configure:3618: $? = 0
configure:3607: gcc -V >&5
gcc: error: unrecognized command line option '-V'
gcc: fatal error: no input files
compilation terminated.
configure:3618: $? = 4
configure:3607: gcc -qversion >&5
gcc: error: unrecognized command line option '-qversion'
gcc: fatal error: no input files
compilation terminated.
configure:3618: $? = 4
configure:3638: checking whether the C compiler works
configure:3660: gcc    conftest.c  >&5
configure:3664: $? = 0
configure:3712: result: yes
configure:3715: checking for C compiler default output file name
configure:3717: result: a.out
configure:3723: checking for suffix of executables
configure:3730: gcc -o conftest    conftest.c  >&5
configure:3734: $? = 0
configure:3756: result: 
configure:3778: checking whether we are cross compiling
configure:3786: gcc -o conftest    conftest.c  >&5
configure:3790: $? = 0
configure:3797: ./conftest
configure:3801: $? = 0
configure:3816: result: no
configure:3821: checking for suffix of object files
configure:3843: gcc -c   conftest.c >&5
configure:3847: $? = 0
configure:3868: result: o
configure:3872: checking whether we are using the GNU C compiler
configure:3891: gcc -c   conftest.c >&5
configure:3891: $? = 0
configure:3900: result: yes
configure:3909: checking whether gcc accepts -g
configure:3929: gcc -c -g  conftest.c >&5
configure:3929: $? = 0
configure:3970: result: yes
configure:3987: checking for gcc option to accept ISO C89
configure:4050: gcc  -c -g -O2  conftest.c >&5
configure:4050: $? = 0
configure:4063: result: none needed
configure:4088: checking whether gcc understands -c and -o together
configure:4110: gcc -c conftest.c -o conftest2.o
configure:4113: $? = 0
configure:4110: gcc -c conftest.c -o conftest2.o
configure:4113: $? = 0
configure:4125: result: yes
configure:4144: checking dependency style of gcc
configure:4255: result: gcc3
configure:4270: checking for a sed that does not truncate output
configure:4334: result: /bin/sed
configure:4352: checking for grep that handles long lines and -e
configure:4410: result: /bin/grep
configure:4415: checking for egrep
configure:4477: result: /bin/grep -E
configure:4482: checking for fgrep
configure:4544: result: /bin/grep -F
configure:4579: checking for ld used by gcc
configure:4646: result: /usr/bin/ld
configure:4653: checking if the linker (/usr/bin/ld) is GNU ld
configure:4668: result: yes
configure:4680: checking for BSD- or MS-compatible name lister (nm)
configure:4729: result: /usr/bin/nm -B
configure:4859: checking the name lister (/usr/bin/nm -B) interface
configure:4866: gcc -c -g -O2  conftest.c >&5
configure:4869: /usr/bin/nm -B "conftest.o"
configure:4872: output
0000000000000000 B some_variable
configure:4879: result: BSD nm
configure:4882: checking whether ln -s works
configure:4886: result: yes
configure:4894: checking the maximum length of command line arguments
configure:5025: result: 1572864
configure:5042: checking whether the shell understands some XSI constructs
configure:5052: result: yes
configure:5056: checking whether the shell understands "+="
configure:5062: result: yes
configure:5097: checking how to convert x86_64-unknown-linux-gnu file names to x86_64-unknown-linux-gnu format
configure:5137: result: func_convert_file_noop
configure:5144: checking how to convert x86_64-unknown-linux-gnu file names to toolchain format
configure:5164: result: func_convert_file_noop
configure:5171: checking for /usr/bin/ld option to reload object files
configure:5178: result: -r
configure:5252: checking for objdump
configure:5268: found /usr/bin/objdump
configure:5279: result: objdump
configure:5308: checking how to recognize dependent libraries
configure:5506: result: pass_all
configure:5591: checking for dlltool
configure:5621: result: no
configure:5648: checking how to associate runtime and link libraries
configure:5675: result: printf %s\n
configure:5736: checking for ar
configure:5752: found /usr/bin/ar
configure:5763: result: ar
configure:5800: checking for archiver @FILE support
configure:5817: gcc -c -g -O2  conftest.c >&5
configure:5817: $? = 0
configure:5820: ar cru libconftest.a @conftest.lst >&5
configure:5823: $? = 0
configure:5828: ar cru libconftest.a @conftest.lst >&5
ar: conftest.o: No such file or directory
configure:5831: $? = 1
configure:5843: result: @
configure:5901: checking for strip
configure:5917: found /usr/bin/strip
configure:5928: result: strip
configure:6000: checking for ranlib
configure:6016: found /usr/bin/ranlib
configure:6027: result: ranlib
configure:6129: checking command to parse /usr/bin/nm -B output from gcc object
configure:6249: gcc -c -g -O2  conftest.c >&5
configure:6252: $? = 0
configure:6256: /usr/bin/nm -B conftest.o \| sed -n -e 's/^.*[ ]\([ABCDGIRSTW][ABCDGIRSTW]*\)[ ][ ]*\([_A-Za-z][_A-Za-z0-9]*\)$/\1 \2 \2/p' | sed '/ __gnu_lto/d' \> conftest.nm
configure:6259: $? = 0
configure:6325: gcc -o conftest -g -O2   conftest.c conftstm.o >&5
configure:6328: $? = 0
configure:6366: result: ok
configure:6403: checking for sysroot
configure:6433: result: no
configure:6510: gcc -c -g -O2  conftest.c >&5
configure:6513: $? = 0
configure:6702: checking for mt
configure:6718: found /bin/mt
configure:6729: result: mt
configure:6752: checking if mt is a manifest tool
configure:6758: mt '-?'
configure:6766: result: no
configure:7408: checking how to run the C preprocessor
configure:7439: gcc -E  conftest.c
configure:7439: $? = 0
configure:7453: gcc -E  conftest.c
conftest.c:11:28: fatal error: ac_nonexistent.h: No such file or directory
 #include <ac_nonexistent.h>
                            ^
compilation terminated.
configure:7453: $? = 1
configure: failed program was:
| /* confdefs.h */
| #define PACKAGE_NAME "libpca"
| #define PACKAGE_TARNAME "libpca"
| #define PACKAGE_VERSION "1.3.3"
| #define PACKAGE_STRING "libpca 1.3.3"
| #define PACKAGE_BUGREPORT "chr.blume@gmail.com"
| #define PACKAGE_URL "http://sourceforge.net/projects/libpca"
| #define PACKAGE "libpca"
| #define VERSION "1.3.3"
| /* end confdefs.h.  */
| #include <ac_nonexistent.h>
configure:7478: result: gcc -E
configure:7498: gcc -E  conftest.c
configure:7498: $? = 0
configure:7512: gcc -E  conftest.c
conftest.c:11:28: fatal error: ac_nonexistent.h: No such file or directory
 #include <ac_nonexistent.h>
                            ^
compilation terminated.
configure:7512: $? = 1
configure: failed program was:
| /* confdefs.h */
| #define PACKAGE_NAME "libpca"
| #define PACKAGE_TARNAME "libpca"
| #define PACKAGE_VERSION "1.3.3"
| #define PACKAGE_STRING "libpca 1.3.3"
| #define PACKAGE_BUGREPORT "chr.blume@gmail.com"
| #define PACKAGE_URL "http://sourceforge.net/projects/libpca"
| #define PACKAGE "libpca"
| #define VERSION "1.3.3"
| /* end confdefs.h.  */
| #include <ac_nonexistent.h>
configure:7541: checking for ANSI C header files
configure:7561: gcc -c -g -O2  conftest.c >&5
configure:7561: $? = 0
configure:7634: gcc -o conftest -g -O2   conftest.c  >&5
configure:7634: $? = 0
configure:7634: ./conftest
configure:7634: $? = 0
configure:7645: result: yes
configure:7658: checking for sys/types.h
configure:7658: gcc -c -g -O2  conftest.c >&5
configure:7658: $? = 0
configure:7658: result: yes
configure:7658: checking for sys/stat.h
configure:7658: gcc -c -g -O2  conftest.c >&5
configure:7658: $? = 0
configure:7658: result: yes
configure:7658: checking for stdlib.h
configure:7658: gcc -c -g -O2  conftest.c >&5
configure:7658: $? = 0
configure:7658: result: yes
configure:7658: checking for string.h
configure:7658: gcc -c -g -O2  conftest.c >&5
configure:7658: $? = 0
configure:7658: result: yes
configure:7658: checking for memory.h
configure:7658: gcc -c -g -O2  conftest.c >&5
configure:7658: $? = 0
configure:7658: result: yes
configure:7658: checking for strings.h
configure:7658: gcc -c -g -O2  conftest.c >&5
configure:7658: $? = 0
configure:7658: result: yes
configure:7658: checking for inttypes.h
configure:7658: gcc -c -g -O2  conftest.c >&5
configure:7658: $? = 0
configure:7658: result: yes
configure:7658: checking for stdint.h
configure:7658: gcc -c -g -O2  conftest.c >&5
configure:7658: $? = 0
configure:7658: result: yes
configure:7658: checking for unistd.h
configure:7658: gcc -c -g -O2  conftest.c >&5
configure:7658: $? = 0
configure:7658: result: yes
configure:7672: checking for dlfcn.h
configure:7672: gcc -c -g -O2  conftest.c >&5
configure:7672: $? = 0
configure:7672: result: yes
configure:8176: checking for objdir
configure:8191: result: .libs
configure:8462: checking if gcc supports -fno-rtti -fno-exceptions
configure:8480: gcc -c -g -O2  -fno-rtti -fno-exceptions conftest.c >&5
cc1: warning: command line option '-fno-rtti' is valid for C++/ObjC++ but not for C [enabled by default]
configure:8484: $? = 0
configure:8497: result: no
configure:8824: checking for gcc option to produce PIC
configure:8831: result: -fPIC -DPIC
configure:8839: checking if gcc PIC flag -fPIC -DPIC works
configure:8857: gcc -c -g -O2  -fPIC -DPIC -DPIC conftest.c >&5
configure:8861: $? = 0
configure:8874: result: yes
configure:8903: checking if gcc static flag -static works
configure:8931: result: yes
configure:8946: checking if gcc supports -c -o file.o
configure:8967: gcc -c -g -O2  -o out/conftest2.o conftest.c >&5
configure:8971: $? = 0
configure:8993: result: yes
configure:9001: checking if gcc supports -c -o file.o
configure:9048: result: yes
configure:9081: checking whether the gcc linker (/usr/bin/ld -m elf_x86_64) supports shared libraries
configure:10238: result: yes
configure:10275: checking whether -lc should be explicitly linked in
configure:10283: gcc -c -g -O2  conftest.c >&5
configure:10286: $? = 0
configure:10301: gcc -shared  -fPIC -DPIC conftest.o  -v -Wl,-soname -Wl,conftest -o conftest 2\>\&1 \| /bin/grep  -lc  \>/dev/null 2\>\&1
configure:10304: $? = 0
configure:10318: result: no
configure:10478: checking dynamic linker characteristics
configure:10978: gcc -o conftest -g -O2   -Wl,-rpath -Wl,/foo conftest.c  >&5
configure:10978: $? = 0
configure:11212: result: GNU/Linux ld.so
configure:11319: checking how to hardcode library paths into programs
configure:11344: result: immediate
configure:11884: checking whether stripping libraries is possible
configure:11889: result: yes
configure:11924: checking if libtool supports shared libraries
configure:11926: result: yes
configure:11929: checking whether to build shared libraries
configure:11950: result: yes
configure:11953: checking whether to build static libraries
configure:11957: result: yes
configure:12053: checking for g++
configure:12069: found /usr/bin/g++
configure:12080: result: g++
configure:12107: checking for C++ compiler version
configure:12116: g++ --version >&5
g++ (Ubuntu 4.8.4-2ubuntu1~14.04) 4.8.4
Copyright (C) 2013 Free Software Foundation, Inc.
This is free software; see the source for copying conditions.  There is NO
warranty; not even for MERCHANTABILITY or FITNESS FOR A PARTICULAR PURPOSE.

configure:12127: $? = 0
configure:12116: g++ -v >&5
Using built-in specs.
COLLECT_GCC=g++
COLLECT_LTO_WRAPPER=/usr/lib/gcc/x86_64-linux-gnu/4.8/lto-wrapper
Target: x86_64-linux-gnu
Configured with: ../src/configure -v --with-pkgversion='Ubuntu 4.8.4-2ubuntu1~14.04' --with-bugurl=file:///usr/share/doc/gcc-4.8/README.Bugs --enable-languages=c,c++,java,go,d,fortran,objc,obj-c++ --prefix=/usr --program-suffix=-4.8 --enable-shared --enable-linker-build-id --libexecdir=/usr/lib --without-included-gettext --enable-threads=posix --with-gxx-include-dir=/usr/include/c++/4.8 --libdir=/usr/lib --enable-nls --with-sysroot=/ --enable-clocale=gnu --enable-libstdcxx-debug --enable-libstdcxx-time=yes --enable-gnu-unique-object --disable-libmudflap --enable-plugin --with-system-zlib --disable-browser-plugin --enable-java-awt=gtk --enable-gtk-cairo --with-java-home=/usr/lib/jvm/java-1.5.0-gcj-4.8-amd64/jre --enable-java-home --with-jvm-root-dir=/usr/lib/jvm/java-1.5.0-gcj-4.8-amd64 --with-jvm-jar-dir=/usr/lib/jvm-exports/java-1.5.0-gcj-4.8-amd64 --with-arch-directory=amd64 --with-ecj-jar=/usr/share/java/eclipse-ecj.jar --enable-objc-gc --enable-multiarch --disable-werror --with-arch-32=i686 --with-abi=m64 --with-multilib-list=m32,m64,mx32 --with-tune=generic --enable-checking=release --build=x86_64-linux-gnu --host=x86_64-linux-gnu --target=x86_64-linux-gnu
Thread model: posix
gcc version 4.8.4 (Ubuntu 4.8.4-2ubuntu1~14.04) 
configure:12127: $? = 0
configure:12116: g++ -V >&5
g++: error: unrecognized command line option '-V'
g++: fatal error: no input files
compilation terminated.
configure:12127: $? = 4
configure:12116: g++ -qversion >&5
g++: error: unrecognized command line option '-qversion'
g++: fatal error: no input files
compilation terminated.
configure:12127: $? = 4
configure:12131: checking whether we are using the GNU C++ compiler
configure:12150: g++ -c   conftest.cpp >&5
configure:12150: $? = 0
configure:12159: result: yes
configure:12168: checking whether g++ accepts -g
configure:12188: g++ -c -g  conftest.cpp >&5
configure:12188: $? = 0
configure:12229: result: yes
configure:12254: checking dependency style of g++
configure:12365: result: gcc3
configure:12398: checking how to run the C++ preprocessor
configure:12425: g++ -E  conftest.cpp
configure:12425: $? = 0
configure:12439: g++ -E  conftest.cpp
conftest.cpp:23:28: fatal error: ac_nonexistent.h: No such file or directory
 #include <ac_nonexistent.h>
                            ^
compilation terminated.
configure:12439: $? = 1
configure: failed program was:
| /* confdefs.h */
| #define PACKAGE_NAME "libpca"
| #define PACKAGE_TARNAME "libpca"
| #define PACKAGE_VERSION "1.3.3"
| #define PACKAGE_STRING "libpca 1.3.3"
| #define PACKAGE_BUGREPORT "chr.blume@gmail.com"
| #define PACKAGE_URL "http://sourceforge.net/projects/libpca"
| #define PACKAGE "libpca"
| #define VERSION "1.3.3"
| #define STDC_HEADERS 1
| #define HAVE_SYS_TYPES_H 1
| #define HAVE_SYS_STAT_H 1
| #define HAVE_STDLIB_H 1
| #define HAVE_STRING_H 1
| #define HAVE_MEMORY_H 1
| #define HAVE_STRINGS_H 1
| #define HAVE_INTTYPES_H 1
| #define HAVE_STDINT_H 1
| #define HAVE_UNISTD_H 1
| #define HAVE_DLFCN_H 1
| #define LT_OBJDIR ".libs/"
| /* end confdefs.h.  */
| #include <ac_nonexistent.h>
configure:12464: result: g++ -E
configure:12484: g++ -E  conftest.cpp
configure:12484: $? = 0
configure:12498: g++ -E  conftest.cpp
conftest.cpp:23:28: fatal error: ac_nonexistent.h: No such file or directory
 #include <ac_nonexistent.h>
                            ^
compilation terminated.
configure:12498: $? = 1
configure: failed program was:
| /* confdefs.h */
| #define PACKAGE_NAME "libpca"
| #define PACKAGE_TARNAME "libpca"
| #define PACKAGE_VERSION "1.3.3"
| #define PACKAGE_STRING "libpca 1.3.3"
| #define PACKAGE_BUGREPORT "chr.blume@gmail.com"
| #define PACKAGE_URL "http://sourceforge.net/projects/libpca"
| #define PACKAGE "libpca"
| #define VERSION "1.3.3"
| #define STDC_HEADERS 1
| #define HAVE_SYS_TYPES_H 1
| #define HAVE_SYS_STAT_H 1
| #define HAVE_STDLIB_H 1
| #define HAVE_STRING_H 1
| #define HAVE_MEMORY_H 1
| #define HAVE_STRINGS_H 1
| #define HAVE_INTTYPES_H 1
| #define HAVE_STDINT_H 1
| #define HAVE_UNISTD_H 1
| #define HAVE_DLFCN_H 1
| #define LT_OBJDIR ".libs/"
| /* end confdefs.h.  */
| #include <ac_nonexistent.h>
configure:12667: checking for ld used by g++
configure:12734: result: /usr/bin/ld -m elf_x86_64
configure:12741: checking if the linker (/usr/bin/ld -m elf_x86_64) is GNU ld
configure:12756: result: yes
configure:12811: checking whether the g++ linker (/usr/bin/ld -m elf_x86_64) supports shared libraries
configure:13813: result: yes
configure:13849: g++ -c   conftest.cpp >&5
configure:13852: $? = 0
configure:14372: checking for g++ option to produce PIC
configure:14379: result: -fPIC -DPIC
configure:14387: checking if g++ PIC flag -fPIC -DPIC works
configure:14405: g++ -c   -fPIC -DPIC -DPIC conftest.cpp >&5
configure:14409: $? = 0
configure:14422: result: yes
configure:14445: checking if g++ static flag -static works
configure:14473: result: yes
configure:14485: checking if g++ supports -c -o file.o
configure:14506: g++ -c   -o out/conftest2.o conftest.cpp >&5
configure:14510: $? = 0
configure:14532: result: yes
configure:14537: checking if g++ supports -c -o file.o
configure:14584: result: yes
configure:14614: checking whether the g++ linker (/usr/bin/ld -m elf_x86_64) supports shared libraries
configure:14653: result: yes
configure:14794: checking dynamic linker characteristics
configure:15462: result: GNU/Linux ld.so
configure:15515: checking how to hardcode library paths into programs
configure:15540: result: immediate
configure:15589: checking for ANSI C header files
configure:15693: result: yes
configure:15703: checking string usability
configure:15703: g++ -c   conftest.cpp >&5
configure:15703: $? = 0
configure:15703: result: yes
configure:15703: checking string presence
configure:15703: g++ -E  conftest.cpp
configure:15703: $? = 0
configure:15703: result: yes
configure:15703: checking for string
configure:15703: result: yes
configure:15715: checking iostream usability
configure:15715: g++ -c   conftest.cpp >&5
configure:15715: $? = 0
configure:15715: result: yes
configure:15715: checking iostream presence
configure:15715: g++ -E  conftest.cpp
configure:15715: $? = 0
configure:15715: result: yes
configure:15715: checking for iostream
configure:15715: result: yes
configure:15764: checking armadillo usability
configure:15764: g++ -c   conftest.cpp >&5
conftest.cpp:59:21: fatal error: armadillo: No such file or directory
 #include <armadillo>
                     ^
compilation terminated.
configure:15764: $? = 1
configure: failed program was:
| /* confdefs.h */
| #define PACKAGE_NAME "libpca"
| #define PACKAGE_TARNAME "libpca"
| #define PACKAGE_VERSION "1.3.3"
| #define PACKAGE_STRING "libpca 1.3.3"
| #define PACKAGE_BUGREPORT "chr.blume@gmail.com"
| #define PACKAGE_URL "http://sourceforge.net/projects/libpca"
| #define PACKAGE "libpca"
| #define VERSION "1.3.3"
| #define STDC_HEADERS 1
| #define HAVE_SYS_TYPES_H 1
| #define HAVE_SYS_STAT_H 1
| #define HAVE_STDLIB_H 1
| #define HAVE_STRING_H 1
| #define HAVE_MEMORY_H 1
| #define HAVE_STRINGS_H 1
| #define HAVE_INTTYPES_H 1
| #define HAVE_STDINT_H 1
| #define HAVE_UNISTD_H 1
| #define HAVE_DLFCN_H 1
| #define LT_OBJDIR ".libs/"
| #define STDC_HEADERS 1
| #define HAVE_STRING 1
| #define HAVE_IOSTREAM 1
| /* end confdefs.h.  */
| #include <stdio.h>
| #ifdef HAVE_SYS_TYPES_H
| # include <sys/types.h>
| #endif
| #ifdef HAVE_SYS_STAT_H
| # include <sys/stat.h>
| #endif
| #ifdef STDC_HEADERS
| # include <stdlib.h>
| # include <stddef.h>
| #else
| # ifdef HAVE_STDLIB_H
| #  include <stdlib.h>
| # endif
| #endif
| #ifdef HAVE_STRING_H
| # if !defined STDC_HEADERS && defined HAVE_MEMORY_H
| #  include <memory.h>
| # endif
| # include <string.h>
| #endif
| #ifdef HAVE_STRINGS_H
| # include <strings.h>
| #endif
| #ifdef HAVE_INTTYPES_H
| # include <inttypes.h>
| #endif
| #ifdef HAVE_STDINT_H
| # include <stdint.h>
| #endif
| #ifdef HAVE_UNISTD_H
| # include <unistd.h>
| #endif
| #include <armadillo>
configure:15764: result: no
configure:15764: checking armadillo presence
configure:15764: g++ -E  conftest.cpp
conftest.cpp:26:21: fatal error: armadillo: No such file or directory
 #include <armadillo>
                     ^
compilation terminated.
configure:15764: $? = 1
configure: failed program was:
| /* confdefs.h */
| #define PACKAGE_NAME "libpca"
| #define PACKAGE_TARNAME "libpca"
| #define PACKAGE_VERSION "1.3.3"
| #define PACKAGE_STRING "libpca 1.3.3"
| #define PACKAGE_BUGREPORT "chr.blume@gmail.com"
| #define PACKAGE_URL "http://sourceforge.net/projects/libpca"
| #define PACKAGE "libpca"
| #define VERSION "1.3.3"
| #define STDC_HEADERS 1
| #define HAVE_SYS_TYPES_H 1
| #define HAVE_SYS_STAT_H 1
| #define HAVE_STDLIB_H 1
| #define HAVE_STRING_H 1
| #define HAVE_MEMORY_H 1
| #define HAVE_STRINGS_H 1
| #define HAVE_INTTYPES_H 1
| #define HAVE_STDINT_H 1
| #define HAVE_UNISTD_H 1
| #define HAVE_DLFCN_H 1
| #define LT_OBJDIR ".libs/"
| #define STDC_HEADERS 1
| #define HAVE_STRING 1
| #define HAVE_IOSTREAM 1
| /* end confdefs.h.  */
| #include <armadillo>
configure:15764: result: no
configure:15764: checking for armadillo
configure:15764: result: no
configure:15880: result: Could not find armadillo headers
configure:15905: checking for size_t
configure:15905: g++ -c   conftest.cpp >&5
configure:15905: $? = 0
configure:15905: g++ -c   conftest.cpp >&5
conftest.cpp: In function 'int main()':
conftest.cpp:62:20: error: expected primary-expression before ')' token
 if (sizeof ((size_t)))
                    ^
configure:15905: $? = 1
configure: failed program was:
| /* confdefs.h */
| #define PACKAGE_NAME "libpca"
| #define PACKAGE_TARNAME "libpca"
| #define PACKAGE_VERSION "1.3.3"
| #define PACKAGE_STRING "libpca 1.3.3"
| #define PACKAGE_BUGREPORT "chr.blume@gmail.com"
| #define PACKAGE_URL "http://sourceforge.net/projects/libpca"
| #define PACKAGE "libpca"
| #define VERSION "1.3.3"
| #define STDC_HEADERS 1
| #define HAVE_SYS_TYPES_H 1
| #define HAVE_SYS_STAT_H 1
| #define HAVE_STDLIB_H 1
| #define HAVE_STRING_H 1
| #define HAVE_MEMORY_H 1
| #define HAVE_STRINGS_H 1
| #define HAVE_INTTYPES_H 1
| #define HAVE_STDINT_H 1
| #define HAVE_UNISTD_H 1
| #define HAVE_DLFCN_H 1
| #define LT_OBJDIR ".libs/"
| #define STDC_HEADERS 1
| #define HAVE_STRING 1
| #define HAVE_IOSTREAM 1
| /* end confdefs.h.  */
| #include <stdio.h>
| #ifdef HAVE_SYS_TYPES_H
| # include <sys/types.h>
| #endif
| #ifdef HAVE_SYS_STAT_H
| # include <sys/stat.h>
| #endif
| #ifdef STDC_HEADERS
| # include <stdlib.h>
| # include <stddef.h>
| #else
| # ifdef HAVE_STDLIB_H
| #  include <stdlib.h>
| # endif
| #endif
| #ifdef HAVE_STRING_H
| # if !defined STDC_HEADERS && defined HAVE_MEMORY_H
| #  include <memory.h>
| # endif
| # include <string.h>
| #endif
| #ifdef HAVE_STRINGS_H
| # include <strings.h>
| #endif
| #ifdef HAVE_INTTYPES_H
| # include <inttypes.h>
| #endif
| #ifdef HAVE_STDINT_H
| # include <stdint.h>
| #endif
| #ifdef HAVE_UNISTD_H
| # include <unistd.h>
| #endif
| int
| main ()
| {
| if (sizeof ((size_t)))
| 	    return 0;
|   ;
|   return 0;
| }
configure:15905: result: yes
configure:15923: checking whether g++ supports C++11 features by default
configure:15965: g++ -c   conftest.cpp >&5
conftest.cpp:30:23: error: expected identifier before 'sizeof'
         static_assert(sizeof(int) <= sizeof(T), "not big enough");
                       ^
conftest.cpp:30:23: error: expected ',' or '...' before 'sizeof'
conftest.cpp:30:65: error: ISO C++ forbids declaration of 'static_assert' with no type [-fpermissive]
         static_assert(sizeof(int) <= sizeof(T), "not big enough");
                                                                 ^
conftest.cpp:33:29: error: '>>' should be '> >' within a nested template argument list
     typedef check<check<bool>> right_angle_brackets;
                             ^
conftest.cpp:36:13: error: expected constructor, destructor, or type conversion before '(' token
     decltype(a) b;
             ^
conftest.cpp:40:15: error: expected unqualified-id before '&&' token
     check_type&& cr = static_cast<check_type&&>(c);
               ^
conftest.cpp:42:10: error: 'd' does not name a type
     auto d = a;
          ^
conftest.cpp:43:10: error: 'l' does not name a type
     auto l = [](){};
          ^
conftest.cpp: In constructor 'use_l::use_l()':
conftest.cpp:45:32: error: 'l' was not declared in this scope
     struct use_l { use_l() { l(); } };
                                ^
conftest.cpp: At global scope:
conftest.cpp:52:34: warning: variadic templates only available with -std=c++11 or -std=gnu++11 [enabled by default]
     template<typename T, typename... Args>
                                  ^
conftest.cpp:53:30: warning: variadic templates only available with -std=c++11 or -std=gnu++11 [enabled by default]
     T adder(T first, Args... args) {
                              ^
conftest.cpp: In constructor 'use_adder::use_adder()':
conftest.cpp:57:43: error: 'sum' does not name a type
     struct use_adder { use_adder() { auto sum = adder(1, 2, 3); } };
                                           ^
configure:15965: $? = 1
configure: failed program was:
| /* confdefs.h */
| #define PACKAGE_NAME "libpca"
| #define PACKAGE_TARNAME "libpca"
| #define PACKAGE_VERSION "1.3.3"
| #define PACKAGE_STRING "libpca 1.3.3"
| #define PACKAGE_BUGREPORT "chr.blume@gmail.com"
| #define PACKAGE_URL "http://sourceforge.net/projects/libpca"
| #define PACKAGE "libpca"
| #define VERSION "1.3.3"
| #define STDC_HEADERS 1
| #define HAVE_SYS_TYPES_H 1
| #define HAVE_SYS_STAT_H 1
| #define HAVE_STDLIB_H 1
| #define HAVE_STRING_H 1
| #define HAVE_MEMORY_H 1
| #define HAVE_STRINGS_H 1
| #define HAVE_INTTYPES_H 1
| #define HAVE_STDINT_H 1
| #define HAVE_UNISTD_H 1
| #define HAVE_DLFCN_H 1
| #define LT_OBJDIR ".libs/"
| #define STDC_HEADERS 1
| #define HAVE_STRING 1
| #define HAVE_IOSTREAM 1
| /* end confdefs.h.  */
| 
|     template <typename T>
|     struct check
|     {
|         static_assert(sizeof(int) <= sizeof(T), "not big enough");
|     };
| 
|     typedef check<check<bool>> right_angle_brackets;
| 
|     int a;
|     decltype(a) b;
| 
|     typedef check<int> check_type;
|     check_type c;
|     check_type&& cr = static_cast<check_type&&>(c);
| 
|     auto d = a;
|     auto l = [](){};
|     // Prevent Clang error: unused variable 'l' [-Werror,-Wunused-variable]
|     struct use_l { use_l() { l(); } };
| 
|     template<typename T>
|     T adder(T v) {
|         return v;
|     }
| 
|     template<typename T, typename... Args>
|     T adder(T first, Args... args) {
|         return first + adder(args...);
|     }
| 
|     struct use_adder { use_adder() { auto sum = adder(1, 2, 3); } };
| 
| 
configure:15972: result: no
configure:15983: checking whether g++ supports C++11 features with -std=c++11
configure:16027: g++ -c  -std=c++11  conftest.cpp >&5
configure:16027: $? = 0
configure:16036: result: yes
configure:16235: checking for the pthreads library -lpthreads
configure:16268: gcc -o conftest -g -O2    conftest.c -lpthreads   >&5
conftest.c: In function 'main':
conftest.c:31:22: warning: null argument where non-null required (argument 1) [-Wnonnull]
                      pthread_attr_init(0); pthread_cleanup_push(0, 0);
                      ^
conftest.c:32:22: warning: null argument where non-null required (argument 1) [-Wnonnull]
                      pthread_create(0,0,0,0); pthread_cleanup_pop(0);
                      ^
conftest.c:32:22: warning: null argument where non-null required (argument 3) [-Wnonnull]
/usr/bin/ld: cannot find -lpthreads
collect2: error: ld returned 1 exit status
configure:16268: $? = 1
configure: failed program was:
| /* confdefs.h */
| #define PACKAGE_NAME "libpca"
| #define PACKAGE_TARNAME "libpca"
| #define PACKAGE_VERSION "1.3.3"
| #define PACKAGE_STRING "libpca 1.3.3"
| #define PACKAGE_BUGREPORT "chr.blume@gmail.com"
| #define PACKAGE_URL "http://sourceforge.net/projects/libpca"
| #define PACKAGE "libpca"
| #define VERSION "1.3.3"
| #define STDC_HEADERS 1
| #define HAVE_SYS_TYPES_H 1
| #define HAVE_SYS_STAT_H 1
| #define HAVE_STDLIB_H 1
| #define HAVE_STRING_H 1
| #define HAVE_MEMORY_H 1
| #define HAVE_STRINGS_H 1
| #define HAVE_INTTYPES_H 1
| #define HAVE_STDINT_H 1
| #define HAVE_UNISTD_H 1
| #define HAVE_DLFCN_H 1
| #define LT_OBJDIR ".libs/"
| #define STDC_HEADERS 1
| #define HAVE_STRING 1
| #define HAVE_IOSTREAM 1
| /* end confdefs.h.  */
| #include <pthread.h>
| int
| main ()
| {
| pthread_t th; pthread_join(th, 0);
|                      pthread_attr_init(0); pthread_cleanup_push(0, 0);
|                      pthread_create(0,0,0,0); pthread_cleanup_pop(0);
|   ;
|   return 0;
| }
configure:16277: result: no
configure:16180: checking whether pthreads work without any flags
configure:16268: gcc -o conftest -g -O2    conftest.c    >&5
conftest.c: In function 'main':
conftest.c:31:22: warning: null argument where non-null required (argument 1) [-Wnonnull]
                      pthread_attr_init(0); pthread_cleanup_push(0, 0);
                      ^
conftest.c:32:22: warning: null argument where non-null required (argument 1) [-Wnonnull]
                      pthread_create(0,0,0,0); pthread_cleanup_pop(0);
                      ^
conftest.c:32:22: warning: null argument where non-null required (argument 3) [-Wnonnull]
/tmp/ccL2hTjt.o: In function `main':
/home/curranw/Downloads/libpca-1.3.3/conftest.c:30: undefined reference to `pthread_join'
/home/curranw/Downloads/libpca-1.3.3/conftest.c:31: undefined reference to `__pthread_register_cancel'
/home/curranw/Downloads/libpca-1.3.3/conftest.c:32: undefined reference to `pthread_create'
/home/curranw/Downloads/libpca-1.3.3/conftest.c:32: undefined reference to `__pthread_unregister_cancel'
collect2: error: ld returned 1 exit status
configure:16268: $? = 1
configure: failed program was:
| /* confdefs.h */
| #define PACKAGE_NAME "libpca"
| #define PACKAGE_TARNAME "libpca"
| #define PACKAGE_VERSION "1.3.3"
| #define PACKAGE_STRING "libpca 1.3.3"
| #define PACKAGE_BUGREPORT "chr.blume@gmail.com"
| #define PACKAGE_URL "http://sourceforge.net/projects/libpca"
| #define PACKAGE "libpca"
| #define VERSION "1.3.3"
| #define STDC_HEADERS 1
| #define HAVE_SYS_TYPES_H 1
| #define HAVE_SYS_STAT_H 1
| #define HAVE_STDLIB_H 1
| #define HAVE_STRING_H 1
| #define HAVE_MEMORY_H 1
| #define HAVE_STRINGS_H 1
| #define HAVE_INTTYPES_H 1
| #define HAVE_STDINT_H 1
| #define HAVE_UNISTD_H 1
| #define HAVE_DLFCN_H 1
| #define LT_OBJDIR ".libs/"
| #define STDC_HEADERS 1
| #define HAVE_STRING 1
| #define HAVE_IOSTREAM 1
| /* end confdefs.h.  */
| #include <pthread.h>
| int
| main ()
| {
| pthread_t th; pthread_join(th, 0);
|                      pthread_attr_init(0); pthread_cleanup_push(0, 0);
|                      pthread_create(0,0,0,0); pthread_cleanup_pop(0);
|   ;
|   return 0;
| }
configure:16277: result: no
configure:16185: checking whether pthreads work with -Kthread
configure:16268: gcc -o conftest -g -O2 -Kthread   conftest.c    >&5
gcc: error: unrecognized command line option '-Kthread'
configure:16268: $? = 1
configure: failed program was:
| /* confdefs.h */
| #define PACKAGE_NAME "libpca"
| #define PACKAGE_TARNAME "libpca"
| #define PACKAGE_VERSION "1.3.3"
| #define PACKAGE_STRING "libpca 1.3.3"
| #define PACKAGE_BUGREPORT "chr.blume@gmail.com"
| #define PACKAGE_URL "http://sourceforge.net/projects/libpca"
| #define PACKAGE "libpca"
| #define VERSION "1.3.3"
| #define STDC_HEADERS 1
| #define HAVE_SYS_TYPES_H 1
| #define HAVE_SYS_STAT_H 1
| #define HAVE_STDLIB_H 1
| #define HAVE_STRING_H 1
| #define HAVE_MEMORY_H 1
| #define HAVE_STRINGS_H 1
| #define HAVE_INTTYPES_H 1
| #define HAVE_STDINT_H 1
| #define HAVE_UNISTD_H 1
| #define HAVE_DLFCN_H 1
| #define LT_OBJDIR ".libs/"
| #define STDC_HEADERS 1
| #define HAVE_STRING 1
| #define HAVE_IOSTREAM 1
| /* end confdefs.h.  */
| #include <pthread.h>
| int
| main ()
| {
| pthread_t th; pthread_join(th, 0);
|                      pthread_attr_init(0); pthread_cleanup_push(0, 0);
|                      pthread_create(0,0,0,0); pthread_cleanup_pop(0);
|   ;
|   return 0;
| }
configure:16277: result: no
configure:16185: checking whether pthreads work with -kthread
configure:16268: gcc -o conftest -g -O2 -kthread   conftest.c    >&5
gcc: error: unrecognized command line option '-kthread'
configure:16268: $? = 1
configure: failed program was:
| /* confdefs.h */
| #define PACKAGE_NAME "libpca"
| #define PACKAGE_TARNAME "libpca"
| #define PACKAGE_VERSION "1.3.3"
| #define PACKAGE_STRING "libpca 1.3.3"
| #define PACKAGE_BUGREPORT "chr.blume@gmail.com"
| #define PACKAGE_URL "http://sourceforge.net/projects/libpca"
| #define PACKAGE "libpca"
| #define VERSION "1.3.3"
| #define STDC_HEADERS 1
| #define HAVE_SYS_TYPES_H 1
| #define HAVE_SYS_STAT_H 1
| #define HAVE_STDLIB_H 1
| #define HAVE_STRING_H 1
| #define HAVE_MEMORY_H 1
| #define HAVE_STRINGS_H 1
| #define HAVE_INTTYPES_H 1
| #define HAVE_STDINT_H 1
| #define HAVE_UNISTD_H 1
| #define HAVE_DLFCN_H 1
| #define LT_OBJDIR ".libs/"
| #define STDC_HEADERS 1
| #define HAVE_STRING 1
| #define HAVE_IOSTREAM 1
| /* end confdefs.h.  */
| #include <pthread.h>
| int
| main ()
| {
| pthread_t th; pthread_join(th, 0);
|                      pthread_attr_init(0); pthread_cleanup_push(0, 0);
|                      pthread_create(0,0,0,0); pthread_cleanup_pop(0);
|   ;
|   return 0;
| }
configure:16277: result: no
configure:16235: checking for the pthreads library -llthread
configure:16268: gcc -o conftest -g -O2    conftest.c -llthread   >&5
conftest.c: In function 'main':
conftest.c:31:22: warning: null argument where non-null required (argument 1) [-Wnonnull]
                      pthread_attr_init(0); pthread_cleanup_push(0, 0);
                      ^
conftest.c:32:22: warning: null argument where non-null required (argument 1) [-Wnonnull]
                      pthread_create(0,0,0,0); pthread_cleanup_pop(0);
                      ^
conftest.c:32:22: warning: null argument where non-null required (argument 3) [-Wnonnull]
/usr/bin/ld: cannot find -llthread
collect2: error: ld returned 1 exit status
configure:16268: $? = 1
configure: failed program was:
| /* confdefs.h */
| #define PACKAGE_NAME "libpca"
| #define PACKAGE_TARNAME "libpca"
| #define PACKAGE_VERSION "1.3.3"
| #define PACKAGE_STRING "libpca 1.3.3"
| #define PACKAGE_BUGREPORT "chr.blume@gmail.com"
| #define PACKAGE_URL "http://sourceforge.net/projects/libpca"
| #define PACKAGE "libpca"
| #define VERSION "1.3.3"
| #define STDC_HEADERS 1
| #define HAVE_SYS_TYPES_H 1
| #define HAVE_SYS_STAT_H 1
| #define HAVE_STDLIB_H 1
| #define HAVE_STRING_H 1
| #define HAVE_MEMORY_H 1
| #define HAVE_STRINGS_H 1
| #define HAVE_INTTYPES_H 1
| #define HAVE_STDINT_H 1
| #define HAVE_UNISTD_H 1
| #define HAVE_DLFCN_H 1
| #define LT_OBJDIR ".libs/"
| #define STDC_HEADERS 1
| #define HAVE_STRING 1
| #define HAVE_IOSTREAM 1
| /* end confdefs.h.  */
| #include <pthread.h>
| int
| main ()
| {
| pthread_t th; pthread_join(th, 0);
|                      pthread_attr_init(0); pthread_cleanup_push(0, 0);
|                      pthread_create(0,0,0,0); pthread_cleanup_pop(0);
|   ;
|   return 0;
| }
configure:16277: result: no
configure:16185: checking whether pthreads work with -pthread
configure:16268: gcc -o conftest -g -O2 -pthread   conftest.c    >&5
conftest.c: In function 'main':
conftest.c:31:22: warning: null argument where non-null required (argument 1) [-Wnonnull]
                      pthread_attr_init(0); pthread_cleanup_push(0, 0);
                      ^
conftest.c:32:22: warning: null argument where non-null required (argument 1) [-Wnonnull]
                      pthread_create(0,0,0,0); pthread_cleanup_pop(0);
                      ^
conftest.c:32:22: warning: null argument where non-null required (argument 3) [-Wnonnull]
configure:16268: $? = 0
configure:16277: result: yes
configure:16296: checking for joinable pthread attribute
configure:16311: gcc -o conftest -g -O2 -pthread   conftest.c    >&5
configure:16311: $? = 0
configure:16317: result: PTHREAD_CREATE_JOINABLE
configure:16327: checking if more special flags are required for pthreads
configure:16334: result: no
configure:16423: checking whether to check for GCC pthread/shared inconsistencies
configure:16436: gcc -o conftest -shared -fPIC -Wl,-z,defs -g -O2 -pthread   conftest.c    >&5
configure:16436: $? = 0
configure:16448: result: yes
configure:16454: checking whether -pthread is sufficient with -shared
configure:16469: gcc -o conftest -shared -fPIC -Wl,-z,defs -g -O2 -pthread   conftest.c    >&5
conftest.c: In function 'main':
conftest.c:31:8: warning: null argument where non-null required (argument 1) [-Wnonnull]
        pthread_attr_init(0); pthread_cleanup_push(0, 0);
        ^
conftest.c:32:8: warning: null argument where non-null required (argument 1) [-Wnonnull]
        pthread_create(0,0,0,0); pthread_cleanup_pop(0);
        ^
conftest.c:32:8: warning: null argument where non-null required (argument 3) [-Wnonnull]
configure:16469: $? = 0
configure:16476: result: yes
configure:16597: checking whether to build with debug information
configure:16606: result: no
configure:16742: checking that generated files are newer than configure
configure:16748: result: done
configure:16775: creating ./config.status

## ---------------------- ##
## Running config.status. ##
## ---------------------- ##

This file was extended by libpca config.status 1.3.3, which was
generated by GNU Autoconf 2.69.  Invocation command line was

  CONFIG_FILES    = 
  CONFIG_HEADERS  = 
  CONFIG_LINKS    = 
  CONFIG_COMMANDS = 
  $ ./config.status 

on wn14gfe21-lvm

config.status:1163: creating Makefile
config.status:1163: creating src/lib/Makefile
config.status:1163: creating test/Makefile
config.status:1163: creating examples/Makefile
config.status:1163: creating examples/simple/Makefile
config.status:1163: creating src/lib/config.h
config.status:1344: src/lib/config.h is unchanged
config.status:1392: executing depfiles commands
config.status:1392: executing libtool commands

## ---------------- ##
## Cache variables. ##
## ---------------- ##

ac_cv_build=x86_64-unknown-linux-gnu
ac_cv_c_compiler_gnu=yes
ac_cv_cxx_compiler_gnu=yes
ac_cv_env_CCC_set=
ac_cv_env_CCC_value=
ac_cv_env_CC_set=
ac_cv_env_CC_value=
ac_cv_env_CFLAGS_set=
ac_cv_env_CFLAGS_value=
ac_cv_env_CPPFLAGS_set=
ac_cv_env_CPPFLAGS_value=
ac_cv_env_CPP_set=
ac_cv_env_CPP_value=
ac_cv_env_CXXCPP_set=
ac_cv_env_CXXCPP_value=
ac_cv_env_CXXFLAGS_set=
ac_cv_env_CXXFLAGS_value=
ac_cv_env_CXX_set=
ac_cv_env_CXX_value=
ac_cv_env_LDFLAGS_set=
ac_cv_env_LDFLAGS_value=
ac_cv_env_LIBS_set=
ac_cv_env_LIBS_value=
ac_cv_env_build_alias_set=
ac_cv_env_build_alias_value=
ac_cv_env_host_alias_set=
ac_cv_env_host_alias_value=
ac_cv_env_target_alias_set=
ac_cv_env_target_alias_value=
ac_cv_header_armadillo=no
ac_cv_header_dlfcn_h=yes
ac_cv_header_inttypes_h=yes
ac_cv_header_iostream=yes
ac_cv_header_memory_h=yes
ac_cv_header_stdc=yes
ac_cv_header_stdint_h=yes
ac_cv_header_stdlib_h=yes
ac_cv_header_string=yes
ac_cv_header_string_h=yes
ac_cv_header_strings_h=yes
ac_cv_header_sys_stat_h=yes
ac_cv_header_sys_types_h=yes
ac_cv_header_unistd_h=yes
ac_cv_host=x86_64-unknown-linux-gnu
ac_cv_objext=o
ac_cv_path_EGREP='/bin/grep -E'
ac_cv_path_FGREP='/bin/grep -F'
ac_cv_path_GREP=/bin/grep
ac_cv_path_SED=/bin/sed
ac_cv_path_install='/usr/bin/install -c'
ac_cv_path_mkdir=/bin/mkdir
ac_cv_prog_AWK=mawk
ac_cv_prog_CPP='gcc -E'
ac_cv_prog_CXXCPP='g++ -E'
ac_cv_prog_ac_ct_AR=ar
ac_cv_prog_ac_ct_CC=gcc
ac_cv_prog_ac_ct_CXX=g++
ac_cv_prog_ac_ct_MANIFEST_TOOL=mt
ac_cv_prog_ac_ct_OBJDUMP=objdump
ac_cv_prog_ac_ct_RANLIB=ranlib
ac_cv_prog_ac_ct_STRIP=strip
ac_cv_prog_cc_c89=
ac_cv_prog_cc_g=yes
ac_cv_prog_cxx_g=yes
ac_cv_prog_make_make_set=yes
ac_cv_type_size_t=yes
am_cv_CC_dependencies_compiler_type=gcc3
am_cv_CXX_dependencies_compiler_type=gcc3
am_cv_make_support_nested_variables=yes
am_cv_prog_cc_c_o=yes
ax_cv_cxx_compile_cxx11=no
ax_cv_cxx_compile_cxx11__std_cpp11=yes
lt_cv_ar_at_file=@
lt_cv_archive_cmds_need_lc=no
lt_cv_deplibs_check_method=pass_all
lt_cv_file_magic_cmd='$MAGIC_CMD'
lt_cv_file_magic_test_file=
lt_cv_ld_reload_flag=-r
lt_cv_nm_interface='BSD nm'
lt_cv_objdir=.libs
lt_cv_path_LD=/usr/bin/ld
lt_cv_path_LDCXX='/usr/bin/ld -m elf_x86_64'
lt_cv_path_NM='/usr/bin/nm -B'
lt_cv_path_mainfest_tool=no
lt_cv_prog_compiler_c_o=yes
lt_cv_prog_compiler_c_o_CXX=yes
lt_cv_prog_compiler_pic='-fPIC -DPIC'
lt_cv_prog_compiler_pic_CXX='-fPIC -DPIC'
lt_cv_prog_compiler_pic_works=yes
lt_cv_prog_compiler_pic_works_CXX=yes
lt_cv_prog_compiler_rtti_exceptions=no
lt_cv_prog_compiler_static_works=yes
lt_cv_prog_compiler_static_works_CXX=yes
lt_cv_prog_gnu_ld=yes
lt_cv_prog_gnu_ldcxx=yes
lt_cv_sharedlib_from_linklib_cmd='printf %s\n'
lt_cv_shlibpath_overrides_runpath=no
lt_cv_sys_global_symbol_pipe='sed -n -e '\''s/^.*[	 ]\([ABCDGIRSTW][ABCDGIRSTW]*\)[	 ][	 ]*\([_A-Za-z][_A-Za-z0-9]*\)$/\1 \2 \2/p'\'' | sed '\''/ __gnu_lto/d'\'''
lt_cv_sys_global_symbol_to_c_name_address='sed -n -e '\''s/^: \([^ ]*\)[ ]*$/  {\"\1\", (void *) 0},/p'\'' -e '\''s/^[ABCDGIRSTW]* \([^ ]*\) \([^ ]*\)$/  {"\2", (void *) \&\2},/p'\'''
lt_cv_sys_global_symbol_to_c_name_address_lib_prefix='sed -n -e '\''s/^: \([^ ]*\)[ ]*$/  {\"\1\", (void *) 0},/p'\'' -e '\''s/^[ABCDGIRSTW]* \([^ ]*\) \(lib[^ ]*\)$/  {"\2", (void *) \&\2},/p'\'' -e '\''s/^[ABCDGIRSTW]* \([^ ]*\) \([^ ]*\)$/  {"lib\2", (void *) \&\2},/p'\'''
lt_cv_sys_global_symbol_to_cdecl='sed -n -e '\''s/^T .* \(.*\)$/extern int \1();/p'\'' -e '\''s/^[ABCDGIRSTW]* .* \(.*\)$/extern char \1;/p'\'''
lt_cv_sys_max_cmd_len=1572864
lt_cv_to_host_file_cmd=func_convert_file_noop
lt_cv_to_tool_file_cmd=func_convert_file_noop

## ----------------- ##
## Output variables. ##
## ----------------- ##

ACLOCAL='${SHELL} /home/curranw/Downloads/libpca-1.3.3/missing aclocal-1.14'
AMDEPBACKSLASH='\'
AMDEP_FALSE='#'
AMDEP_TRUE=''
AMTAR='$${TAR-tar}'
AM_BACKSLASH='\'
AM_CXXFLAGS='  -pthread -O2'
AM_DEFAULT_V='$(AM_DEFAULT_VERBOSITY)'
AM_DEFAULT_VERBOSITY='1'
AM_LDFLAGS=''
AM_V='$(V)'
AR='ar'
ARMADILLO_CFLAGS=''
ARMADILLO_LIBS=''
AS='as'
AUTOCONF='${SHELL} /home/curranw/Downloads/libpca-1.3.3/missing autoconf'
AUTOHEADER='${SHELL} /home/curranw/Downloads/libpca-1.3.3/missing autoheader'
AUTOMAKE='${SHELL} /home/curranw/Downloads/libpca-1.3.3/missing automake-1.14'
AWK='mawk'
CC='gcc'
CCDEPMODE='depmode=gcc3'
CFLAGS='-g -O2'
CPP='gcc -E'
CPPFLAGS=''
CXX='g++'
CXXCPP='g++ -E'
CXXDEPMODE='depmode=gcc3'
CXXFLAGS=' -std=c++11'
CYGPATH_W='echo'
DEFS='-DHAVE_CONFIG_H'
DEPDIR='.deps'
DLLTOOL='false'
DSYMUTIL=''
DUMPBIN=''
ECHO_C=''
ECHO_N='-n'
ECHO_T=''
EGREP='/bin/grep -E'
EXEEXT=''
FGREP='/bin/grep -F'
GREP='/bin/grep'
HAVE_CXX11=''
INSTALL_DATA='${INSTALL} -m 644'
INSTALL_PROGRAM='${INSTALL}'
INSTALL_SCRIPT='${INSTALL}'
INSTALL_STRIP_PROGRAM='$(install_sh) -c -s'
LD='/usr/bin/ld -m elf_x86_64'
LDFLAGS=''
LIBOBJS=''
LIBS='  '
LIBTOOL='$(SHELL) $(top_builddir)/libtool'
LIPO=''
LN_S='ln -s'
LTLIBOBJS=''
MAKEINFO='${SHELL} /home/curranw/Downloads/libpca-1.3.3/missing makeinfo'
MANIFEST_TOOL=':'
MKDIR_P='/bin/mkdir -p'
NM='/usr/bin/nm -B'
NMEDIT=''
OBJDUMP='objdump'
OBJEXT='o'
OTOOL64=''
OTOOL=''
PACKAGE='libpca'
PACKAGE_BUGREPORT='chr.blume@gmail.com'
PACKAGE_NAME='libpca'
PACKAGE_STRING='libpca 1.3.3'
PACKAGE_TARNAME='libpca'
PACKAGE_URL='http://sourceforge.net/projects/libpca'
PACKAGE_VERSION='1.3.3'
PATH_SEPARATOR=':'
PTHREAD_CC='gcc'
PTHREAD_CFLAGS='-pthread'
PTHREAD_LIBS=''
RANLIB='ranlib'
SED='/bin/sed'
SET_MAKE=''
SHELL='/bin/bash'
STRIP='strip'
VERSION='1.3.3'
ac_ct_AR='ar'
ac_ct_CC='gcc'
ac_ct_CXX='g++'
ac_ct_DUMPBIN=''
acx_pthread_config=''
am__EXEEXT_FALSE=''
am__EXEEXT_TRUE='#'
am__fastdepCC_FALSE='#'
am__fastdepCC_TRUE=''
am__fastdepCXX_FALSE='#'
am__fastdepCXX_TRUE=''
am__include='include'
am__isrc=''
am__leading_dot='.'
am__nodep='_no'
am__quote=''
am__tar='$${TAR-tar} chof - "$$tardir"'
am__untar='$${TAR-tar} xf -'
bindir='${exec_prefix}/bin'
build='x86_64-unknown-linux-gnu'
build_alias=''
build_cpu='x86_64'
build_os='linux-gnu'
build_vendor='unknown'
datadir='${datarootdir}'
datarootdir='${prefix}/share'
docdir='${datarootdir}/doc/${PACKAGE_TARNAME}'
dvidir='${docdir}'
exec_prefix='${prefix}'
host='x86_64-unknown-linux-gnu'
host_alias=''
host_cpu='x86_64'
host_os='linux-gnu'
host_vendor='unknown'
htmldir='${docdir}'
includedir='${prefix}/include'
infodir='${datarootdir}/info'
install_sh='${SHELL} /home/curranw/Downloads/libpca-1.3.3/install-sh'
libdir='${exec_prefix}/lib'
libexecdir='${exec_prefix}/libexec'
localedir='${datarootdir}/locale'
localstatedir='${prefix}/var'
mandir='${datarootdir}/man'
mkdir_p='$(MKDIR_P)'
oldincludedir='/usr/include'
pdfdir='${docdir}'
prefix='/usr/local'
program_transform_name='s,x,x,'
psdir='${docdir}'
sbindir='${exec_prefix}/sbin'
sharedstatedir='${prefix}/com'
sysconfdir='${prefix}/etc'
target_alias=''

## ----------- ##
## confdefs.h. ##
## ----------- ##

/* confdefs.h */
#define PACKAGE_NAME "libpca"
#define PACKAGE_TARNAME "libpca"
#define PACKAGE_VERSION "1.3.3"
#define PACKAGE_STRING "libpca 1.3.3"
#define PACKAGE_BUGREPORT "chr.blume@gmail.com"
#define PACKAGE_URL "http://sourceforge.net/projects/libpca"
#define PACKAGE "libpca"
#define VERSION "1.3.3"
#define STDC_HEADERS 1
#define HAVE_SYS_TYPES_H 1
#define HAVE_SYS_STAT_H 1
#define HAVE_STDLIB_H 1
#define HAVE_STRING_H 1
#define HAVE_MEMORY_H 1
#define HAVE_STRINGS_H 1
#define HAVE_INTTYPES_H 1
#define HAVE_STDINT_H 1
#define HAVE_UNISTD_H 1
#define HAVE_DLFCN_H 1
#define LT_OBJDIR ".libs/"
#define STDC_HEADERS 1
#define HAVE_STRING 1
#define HAVE_IOSTREAM 1
#define HAVE_PTHREAD 1

configure: exit 0
